C:\USERS\SPELL MASTER\DESKTOP\EMULADOR\SOURCE\VCXPROJ\MAP-SERVER\RELEASE\VC110.PDB
C:\USERS\SPELL MASTER\DESKTOP\EMULADOR\SOURCE\MAP-SERVER.EXE
C:\USERS\SPELL MASTER\DESKTOP\EMULADOR\SOURCE\MAP-SERVER.PDB
C:\Users\Spell Master\Desktop\Emulador\Source\map-server.lib
C:\Users\Spell Master\Desktop\Emulador\Source\map-server.exp
C:\Users\Spell Master\Desktop\Ragnarok\MyServe\Emulador\Source\vcxproj\map-server\Release\atcommand.obj
C:\Users\Spell Master\Desktop\Ragnarok\MyServe\Emulador\Source\vcxproj\map-server\Release\battle.obj
C:\Users\Spell Master\Desktop\Ragnarok\MyServe\Emulador\Source\vcxproj\map-server\Release\battleground.obj
C:\Users\Spell Master\Desktop\Ragnarok\MyServe\Emulador\Source\vcxproj\map-server\Release\buyingstore.obj
C:\Users\Spell Master\Desktop\Ragnarok\MyServe\Emulador\Source\vcxproj\map-server\Release\channel.obj
C:\Users\Spell Master\Desktop\Ragnarok\MyServe\Emulador\Source\vcxproj\map-server\Release\chat.obj
C:\Users\Spell Master\Desktop\Ragnarok\MyServe\Emulador\Source\vcxproj\map-server\Release\chrif.obj
C:\Users\Spell Master\Desktop\Ragnarok\MyServe\Emulador\Source\vcxproj\map-server\Release\clif.obj
C:\Users\Spell Master\Desktop\Ragnarok\MyServe\Emulador\Source\vcxproj\map-server\Release\conf.obj
C:\Users\Spell Master\Desktop\Ragnarok\MyServe\Emulador\Source\vcxproj\map-server\Release\console.obj
C:\Users\Spell Master\Desktop\Ragnarok\MyServe\Emulador\Source\vcxproj\map-server\Release\core.obj
C:\Users\Spell Master\Desktop\Ragnarok\MyServe\Emulador\Source\vcxproj\map-server\Release\date.obj
C:\Users\Spell Master\Desktop\Ragnarok\MyServe\Emulador\Source\vcxproj\map-server\Release\db.obj
C:\Users\Spell Master\Desktop\Ragnarok\MyServe\Emulador\Source\vcxproj\map-server\Release\des.obj
C:\Users\Spell Master\Desktop\Ragnarok\MyServe\Emulador\Source\vcxproj\map-server\Release\duel.obj
C:\Users\Spell Master\Desktop\Ragnarok\MyServe\Emulador\Source\vcxproj\map-server\Release\elemental.obj
C:\Users\Spell Master\Desktop\Ragnarok\MyServe\Emulador\Source\vcxproj\map-server\Release\ers.obj
C:\Users\Spell Master\Desktop\Ragnarok\MyServe\Emulador\Source\vcxproj\map-server\Release\grammar.obj
C:\Users\Spell Master\Desktop\Ragnarok\MyServe\Emulador\Source\vcxproj\map-server\Release\grfio.obj
C:\Users\Spell Master\Desktop\Ragnarok\MyServe\Emulador\Source\vcxproj\map-server\Release\guild.obj
C:\Users\Spell Master\Desktop\Ragnarok\MyServe\Emulador\Source\vcxproj\map-server\Release\homunculus.obj
C:\Users\Spell Master\Desktop\Ragnarok\MyServe\Emulador\Source\vcxproj\map-server\Release\HPM.obj
C:\Users\Spell Master\Desktop\Ragnarok\MyServe\Emulador\Source\vcxproj\map-server\Release\HPMmap.obj
C:\Users\Spell Master\Desktop\Ragnarok\MyServe\Emulador\Source\vcxproj\map-server\Release\instance.obj
C:\Users\Spell Master\Desktop\Ragnarok\MyServe\Emulador\Source\vcxproj\map-server\Release\intif.obj
C:\Users\Spell Master\Desktop\Ragnarok\MyServe\Emulador\Source\vcxproj\map-server\Release\irc-bot.obj
C:\Users\Spell Master\Desktop\Ragnarok\MyServe\Emulador\Source\vcxproj\map-server\Release\itemdb.obj
C:\Users\Spell Master\Desktop\Ragnarok\MyServe\Emulador\Source\vcxproj\map-server\Release\libconfig.obj
C:\Users\Spell Master\Desktop\Ragnarok\MyServe\Emulador\Source\vcxproj\map-server\Release\log.obj
C:\Users\Spell Master\Desktop\Ragnarok\MyServe\Emulador\Source\vcxproj\map-server\Release\mail.obj
C:\Users\Spell Master\Desktop\Ragnarok\MyServe\Emulador\Source\vcxproj\map-server\Release\map.obj
C:\Users\Spell Master\Desktop\Ragnarok\MyServe\Emulador\Source\vcxproj\map-server\Release\mapindex.obj
C:\Users\Spell Master\Desktop\Ragnarok\MyServe\Emulador\Source\vcxproj\map-server\Release\mapreg_sql.obj
C:\Users\Spell Master\Desktop\Ragnarok\MyServe\Emulador\Source\vcxproj\map-server\Release\md5calc.obj
C:\Users\Spell Master\Desktop\Ragnarok\MyServe\Emulador\Source\vcxproj\map-server\Release\memmgr.obj
C:\Users\Spell Master\Desktop\Ragnarok\MyServe\Emulador\Source\vcxproj\map-server\Release\mercenary.obj
C:\Users\Spell Master\Desktop\Ragnarok\MyServe\Emulador\Source\vcxproj\map-server\Release\mob.obj
C:\Users\Spell Master\Desktop\Ragnarok\MyServe\Emulador\Source\vcxproj\map-server\Release\mt19937ar.obj
C:\Users\Spell Master\Desktop\Ragnarok\MyServe\Emulador\Source\vcxproj\map-server\Release\mutex.obj
C:\Users\Spell Master\Desktop\Ragnarok\MyServe\Emulador\Source\vcxproj\map-server\Release\npc.obj
C:\Users\Spell Master\Desktop\Ragnarok\MyServe\Emulador\Source\vcxproj\map-server\Release\npc_chat.obj
C:\Users\Spell Master\Desktop\Ragnarok\MyServe\Emulador\Source\vcxproj\map-server\Release\nullpo.obj
C:\Users\Spell Master\Desktop\Ragnarok\MyServe\Emulador\Source\vcxproj\map-server\Release\party.obj
C:\Users\Spell Master\Desktop\Ragnarok\MyServe\Emulador\Source\vcxproj\map-server\Release\path.obj
C:\Users\Spell Master\Desktop\Ragnarok\MyServe\Emulador\Source\vcxproj\map-server\Release\pc.obj
C:\Users\Spell Master\Desktop\Ragnarok\MyServe\Emulador\Source\vcxproj\map-server\Release\pc_groups.obj
C:\Users\Spell Master\Desktop\Ragnarok\MyServe\Emulador\Source\vcxproj\map-server\Release\pet.obj
C:\Users\Spell Master\Desktop\Ragnarok\MyServe\Emulador\Source\vcxproj\map-server\Release\quest.obj
C:\Users\Spell Master\Desktop\Ragnarok\MyServe\Emulador\Source\vcxproj\map-server\Release\random.obj
C:\Users\Spell Master\Desktop\Ragnarok\MyServe\Emulador\Source\vcxproj\map-server\Release\scanctx.obj
C:\Users\Spell Master\Desktop\Ragnarok\MyServe\Emulador\Source\vcxproj\map-server\Release\scanner.obj
C:\Users\Spell Master\Desktop\Ragnarok\MyServe\Emulador\Source\vcxproj\map-server\Release\script.obj
C:\Users\Spell Master\Desktop\Ragnarok\MyServe\Emulador\Source\vcxproj\map-server\Release\searchstore.obj
C:\Users\Spell Master\Desktop\Ragnarok\MyServe\Emulador\Source\vcxproj\map-server\Release\showmsg.obj
C:\Users\Spell Master\Desktop\Ragnarok\MyServe\Emulador\Source\vcxproj\map-server\Release\skill.obj
C:\Users\Spell Master\Desktop\Ragnarok\MyServe\Emulador\Source\vcxproj\map-server\Release\socket.obj
C:\Users\Spell Master\Desktop\Ragnarok\MyServe\Emulador\Source\vcxproj\map-server\Release\sql.obj
C:\Users\Spell Master\Desktop\Ragnarok\MyServe\Emulador\Source\vcxproj\map-server\Release\status.obj
C:\Users\Spell Master\Desktop\Ragnarok\MyServe\Emulador\Source\vcxproj\map-server\Release\storage.obj
C:\Users\Spell Master\Desktop\Ragnarok\MyServe\Emulador\Source\vcxproj\map-server\Release\strbuf.obj
C:\Users\Spell Master\Desktop\Ragnarok\MyServe\Emulador\Source\vcxproj\map-server\Release\strlib.obj
C:\Users\Spell Master\Desktop\Ragnarok\MyServe\Emulador\Source\vcxproj\map-server\Release\sysinfo.obj
C:\Users\Spell Master\Desktop\Ragnarok\MyServe\Emulador\Source\vcxproj\map-server\Release\thread.obj
C:\Users\Spell Master\Desktop\Ragnarok\MyServe\Emulador\Source\vcxproj\map-server\Release\timer.obj
C:\Users\Spell Master\Desktop\Ragnarok\MyServe\Emulador\Source\vcxproj\map-server\Release\trade.obj
C:\Users\Spell Master\Desktop\Ragnarok\MyServe\Emulador\Source\vcxproj\map-server\Release\unit.obj
C:\Users\Spell Master\Desktop\Ragnarok\MyServe\Emulador\Source\vcxproj\map-server\Release\utils.obj
C:\Users\Spell Master\Desktop\Ragnarok\MyServe\Emulador\Source\vcxproj\map-server\Release\vending.obj
C:\Users\Spell Master\Desktop\Ragnarok\MyServe\Emulador\Source\vcxproj\map-server\Release\CL.12832.read.1.tlog
C:\Users\Spell Master\Desktop\Ragnarok\MyServe\Emulador\Source\vcxproj\map-server\Release\CL.12832.write.1.tlog
C:\Users\Spell Master\Desktop\Ragnarok\MyServe\Emulador\Source\vcxproj\map-server\Release\CL.4700.read.1.tlog
C:\Users\Spell Master\Desktop\Ragnarok\MyServe\Emulador\Source\vcxproj\map-server\Release\CL.4700.write.1.tlog
C:\Users\Spell Master\Desktop\Ragnarok\MyServe\Emulador\Source\vcxproj\map-server\Release\cl.command.1.tlog
C:\Users\Spell Master\Desktop\Ragnarok\MyServe\Emulador\Source\vcxproj\map-server\Release\CL.read.1.tlog
C:\Users\Spell Master\Desktop\Ragnarok\MyServe\Emulador\Source\vcxproj\map-server\Release\cl.write.1.tlog
C:\Users\Spell Master\Desktop\Ragnarok\MyServe\Emulador\Source\vcxproj\map-server\Release\link-cvtres.read.1.tlog
C:\Users\Spell Master\Desktop\Ragnarok\MyServe\Emulador\Source\vcxproj\map-server\Release\link-cvtres.write.1.tlog
C:\Users\Spell Master\Desktop\Ragnarok\MyServe\Emulador\Source\vcxproj\map-server\Release\link-rc.read.1.tlog
C:\Users\Spell Master\Desktop\Ragnarok\MyServe\Emulador\Source\vcxproj\map-server\Release\link-rc.write.1.tlog
C:\Users\Spell Master\Desktop\Ragnarok\MyServe\Emulador\Source\vcxproj\map-server\Release\link.command.1.tlog
C:\Users\Spell Master\Desktop\Ragnarok\MyServe\Emulador\Source\vcxproj\map-server\Release\link.read.1.tlog
C:\Users\Spell Master\Desktop\Ragnarok\MyServe\Emulador\Source\vcxproj\map-server\Release\link.write.1.tlog
C:\Users\Spell Master\Desktop\Ragnarok\MyServe\Emulador\Source\vcxproj\map-server\Release\map-server.write.1.tlog
C:\Users\Spell Master\Desktop\Ragnarok\MyServe\Emulador\Source\vcxproj\map-server\Release\vc110.pdb
