C:\USERS\SPELL MASTER\DESKTOP\EMULADOR\SOURCE\VCXPROJ\LOGIN-SERVER\RELEASE\VC110.PDB
C:\USERS\SPELL MASTER\DESKTOP\EMULADOR\SOURCE\LOGIN-SERVER.EXE
C:\USERS\SPELL MASTER\DESKTOP\EMULADOR\SOURCE\LOGIN-SERVER.PDB
C:\Users\Spell Master\Desktop\Emulador\Source\login-server.lib
C:\Users\Spell Master\Desktop\Emulador\Source\login-server.exp
C:\Users\Spell Master\Desktop\Ragnarok\MyServe\Emulador\Source\vcxproj\login-server\Release\account_sql.obj
C:\Users\Spell Master\Desktop\Ragnarok\MyServe\Emulador\Source\vcxproj\login-server\Release\conf.obj
C:\Users\Spell Master\Desktop\Ragnarok\MyServe\Emulador\Source\vcxproj\login-server\Release\console.obj
C:\Users\Spell Master\Desktop\Ragnarok\MyServe\Emulador\Source\vcxproj\login-server\Release\core.obj
C:\Users\Spell Master\Desktop\Ragnarok\MyServe\Emulador\Source\vcxproj\login-server\Release\db.obj
C:\Users\Spell Master\Desktop\Ragnarok\MyServe\Emulador\Source\vcxproj\login-server\Release\des.obj
C:\Users\Spell Master\Desktop\Ragnarok\MyServe\Emulador\Source\vcxproj\login-server\Release\ers.obj
C:\Users\Spell Master\Desktop\Ragnarok\MyServe\Emulador\Source\vcxproj\login-server\Release\grammar.obj
C:\Users\Spell Master\Desktop\Ragnarok\MyServe\Emulador\Source\vcxproj\login-server\Release\grfio.obj
C:\Users\Spell Master\Desktop\Ragnarok\MyServe\Emulador\Source\vcxproj\login-server\Release\HPM.obj
C:\Users\Spell Master\Desktop\Ragnarok\MyServe\Emulador\Source\vcxproj\login-server\Release\HPMlogin.obj
C:\Users\Spell Master\Desktop\Ragnarok\MyServe\Emulador\Source\vcxproj\login-server\Release\ipban_sql.obj
C:\Users\Spell Master\Desktop\Ragnarok\MyServe\Emulador\Source\vcxproj\login-server\Release\lclif.obj
C:\Users\Spell Master\Desktop\Ragnarok\MyServe\Emulador\Source\vcxproj\login-server\Release\libconfig.obj
C:\Users\Spell Master\Desktop\Ragnarok\MyServe\Emulador\Source\vcxproj\login-server\Release\login.obj
C:\Users\Spell Master\Desktop\Ragnarok\MyServe\Emulador\Source\vcxproj\login-server\Release\loginlog_sql.obj
C:\Users\Spell Master\Desktop\Ragnarok\MyServe\Emulador\Source\vcxproj\login-server\Release\md5calc.obj
C:\Users\Spell Master\Desktop\Ragnarok\MyServe\Emulador\Source\vcxproj\login-server\Release\memmgr.obj
C:\Users\Spell Master\Desktop\Ragnarok\MyServe\Emulador\Source\vcxproj\login-server\Release\mt19937ar.obj
C:\Users\Spell Master\Desktop\Ragnarok\MyServe\Emulador\Source\vcxproj\login-server\Release\mutex.obj
C:\Users\Spell Master\Desktop\Ragnarok\MyServe\Emulador\Source\vcxproj\login-server\Release\nullpo.obj
C:\Users\Spell Master\Desktop\Ragnarok\MyServe\Emulador\Source\vcxproj\login-server\Release\random.obj
C:\Users\Spell Master\Desktop\Ragnarok\MyServe\Emulador\Source\vcxproj\login-server\Release\scanctx.obj
C:\Users\Spell Master\Desktop\Ragnarok\MyServe\Emulador\Source\vcxproj\login-server\Release\scanner.obj
C:\Users\Spell Master\Desktop\Ragnarok\MyServe\Emulador\Source\vcxproj\login-server\Release\showmsg.obj
C:\Users\Spell Master\Desktop\Ragnarok\MyServe\Emulador\Source\vcxproj\login-server\Release\socket.obj
C:\Users\Spell Master\Desktop\Ragnarok\MyServe\Emulador\Source\vcxproj\login-server\Release\sql.obj
C:\Users\Spell Master\Desktop\Ragnarok\MyServe\Emulador\Source\vcxproj\login-server\Release\strbuf.obj
C:\Users\Spell Master\Desktop\Ragnarok\MyServe\Emulador\Source\vcxproj\login-server\Release\strlib.obj
C:\Users\Spell Master\Desktop\Ragnarok\MyServe\Emulador\Source\vcxproj\login-server\Release\sysinfo.obj
C:\Users\Spell Master\Desktop\Ragnarok\MyServe\Emulador\Source\vcxproj\login-server\Release\thread.obj
C:\Users\Spell Master\Desktop\Ragnarok\MyServe\Emulador\Source\vcxproj\login-server\Release\timer.obj
C:\Users\Spell Master\Desktop\Ragnarok\MyServe\Emulador\Source\vcxproj\login-server\Release\utils.obj
C:\Users\Spell Master\Desktop\Ragnarok\MyServe\Emulador\Source\vcxproj\login-server\Release\CL.4576.read.1.tlog
C:\Users\Spell Master\Desktop\Ragnarok\MyServe\Emulador\Source\vcxproj\login-server\Release\CL.4576.write.1.tlog
C:\Users\Spell Master\Desktop\Ragnarok\MyServe\Emulador\Source\vcxproj\login-server\Release\CL.5196.read.1.tlog
C:\Users\Spell Master\Desktop\Ragnarok\MyServe\Emulador\Source\vcxproj\login-server\Release\CL.5196.write.1.tlog
C:\Users\Spell Master\Desktop\Ragnarok\MyServe\Emulador\Source\vcxproj\login-server\Release\cl.command.1.tlog
C:\Users\Spell Master\Desktop\Ragnarok\MyServe\Emulador\Source\vcxproj\login-server\Release\CL.read.1.tlog
C:\Users\Spell Master\Desktop\Ragnarok\MyServe\Emulador\Source\vcxproj\login-server\Release\cl.write.1.tlog
C:\Users\Spell Master\Desktop\Ragnarok\MyServe\Emulador\Source\vcxproj\login-server\Release\link-cvtres.read.1.tlog
C:\Users\Spell Master\Desktop\Ragnarok\MyServe\Emulador\Source\vcxproj\login-server\Release\link-cvtres.write.1.tlog
C:\Users\Spell Master\Desktop\Ragnarok\MyServe\Emulador\Source\vcxproj\login-server\Release\link-rc.read.1.tlog
C:\Users\Spell Master\Desktop\Ragnarok\MyServe\Emulador\Source\vcxproj\login-server\Release\link-rc.write.1.tlog
C:\Users\Spell Master\Desktop\Ragnarok\MyServe\Emulador\Source\vcxproj\login-server\Release\link.command.1.tlog
C:\Users\Spell Master\Desktop\Ragnarok\MyServe\Emulador\Source\vcxproj\login-server\Release\link.read.1.tlog
C:\Users\Spell Master\Desktop\Ragnarok\MyServe\Emulador\Source\vcxproj\login-server\Release\link.write.1.tlog
C:\Users\Spell Master\Desktop\Ragnarok\MyServe\Emulador\Source\vcxproj\login-server\Release\login-server.write.1.tlog
C:\Users\Spell Master\Desktop\Ragnarok\MyServe\Emulador\Source\vcxproj\login-server\Release\vc110.pdb
