C:\Users\Spell Master\Desktop\Ragnarok\MyServe\Emulador\Source\char-server.lib
C:\Users\Spell Master\Desktop\Ragnarok\MyServe\Emulador\Source\char-server.exp
C:\USERS\SPELL MASTER\DESKTOP\RAGNAROK\MYSERVE\EMULADOR\SOURCE\VCXPROJ\CHAR-SERVER\RELEASE\VC110.PDB
C:\USERS\SPELL MASTER\DESKTOP\RAGNAROK\MYSERVE\EMULADOR\SOURCE\CHAR-SERVER.EXE
C:\USERS\SPELL MASTER\DESKTOP\RAGNAROK\MYSERVE\EMULADOR\SOURCE\CHAR-SERVER.PDB
C:\Users\Spell Master\Desktop\Ragnarok\MyServe\Emulador\Source\vcxproj\char-server\Release\char.obj
C:\Users\Spell Master\Desktop\Ragnarok\MyServe\Emulador\Source\vcxproj\char-server\Release\conf.obj
C:\Users\Spell Master\Desktop\Ragnarok\MyServe\Emulador\Source\vcxproj\char-server\Release\console.obj
C:\Users\Spell Master\Desktop\Ragnarok\MyServe\Emulador\Source\vcxproj\char-server\Release\core.obj
C:\Users\Spell Master\Desktop\Ragnarok\MyServe\Emulador\Source\vcxproj\char-server\Release\db.obj
C:\Users\Spell Master\Desktop\Ragnarok\MyServe\Emulador\Source\vcxproj\char-server\Release\des.obj
C:\Users\Spell Master\Desktop\Ragnarok\MyServe\Emulador\Source\vcxproj\char-server\Release\ers.obj
C:\Users\Spell Master\Desktop\Ragnarok\MyServe\Emulador\Source\vcxproj\char-server\Release\geoip.obj
C:\Users\Spell Master\Desktop\Ragnarok\MyServe\Emulador\Source\vcxproj\char-server\Release\grammar.obj
C:\Users\Spell Master\Desktop\Ragnarok\MyServe\Emulador\Source\vcxproj\char-server\Release\grfio.obj
C:\Users\Spell Master\Desktop\Ragnarok\MyServe\Emulador\Source\vcxproj\char-server\Release\HPM.obj
C:\Users\Spell Master\Desktop\Ragnarok\MyServe\Emulador\Source\vcxproj\char-server\Release\HPMchar.obj
C:\Users\Spell Master\Desktop\Ragnarok\MyServe\Emulador\Source\vcxproj\char-server\Release\inter.obj
C:\Users\Spell Master\Desktop\Ragnarok\MyServe\Emulador\Source\vcxproj\char-server\Release\int_auction.obj
C:\Users\Spell Master\Desktop\Ragnarok\MyServe\Emulador\Source\vcxproj\char-server\Release\int_elemental.obj
C:\Users\Spell Master\Desktop\Ragnarok\MyServe\Emulador\Source\vcxproj\char-server\Release\int_guild.obj
C:\Users\Spell Master\Desktop\Ragnarok\MyServe\Emulador\Source\vcxproj\char-server\Release\int_homun.obj
C:\Users\Spell Master\Desktop\Ragnarok\MyServe\Emulador\Source\vcxproj\char-server\Release\int_mail.obj
C:\Users\Spell Master\Desktop\Ragnarok\MyServe\Emulador\Source\vcxproj\char-server\Release\int_mercenary.obj
C:\Users\Spell Master\Desktop\Ragnarok\MyServe\Emulador\Source\vcxproj\char-server\Release\int_party.obj
C:\Users\Spell Master\Desktop\Ragnarok\MyServe\Emulador\Source\vcxproj\char-server\Release\int_pet.obj
C:\Users\Spell Master\Desktop\Ragnarok\MyServe\Emulador\Source\vcxproj\char-server\Release\int_quest.obj
C:\Users\Spell Master\Desktop\Ragnarok\MyServe\Emulador\Source\vcxproj\char-server\Release\int_storage.obj
C:\Users\Spell Master\Desktop\Ragnarok\MyServe\Emulador\Source\vcxproj\char-server\Release\libconfig.obj
C:\Users\Spell Master\Desktop\Ragnarok\MyServe\Emulador\Source\vcxproj\char-server\Release\loginif.obj
C:\Users\Spell Master\Desktop\Ragnarok\MyServe\Emulador\Source\vcxproj\char-server\Release\mapif.obj
C:\Users\Spell Master\Desktop\Ragnarok\MyServe\Emulador\Source\vcxproj\char-server\Release\mapindex.obj
C:\Users\Spell Master\Desktop\Ragnarok\MyServe\Emulador\Source\vcxproj\char-server\Release\md5calc.obj
C:\Users\Spell Master\Desktop\Ragnarok\MyServe\Emulador\Source\vcxproj\char-server\Release\memmgr.obj
C:\Users\Spell Master\Desktop\Ragnarok\MyServe\Emulador\Source\vcxproj\char-server\Release\mt19937ar.obj
C:\Users\Spell Master\Desktop\Ragnarok\MyServe\Emulador\Source\vcxproj\char-server\Release\mutex.obj
C:\Users\Spell Master\Desktop\Ragnarok\MyServe\Emulador\Source\vcxproj\char-server\Release\nullpo.obj
C:\Users\Spell Master\Desktop\Ragnarok\MyServe\Emulador\Source\vcxproj\char-server\Release\pincode.obj
C:\Users\Spell Master\Desktop\Ragnarok\MyServe\Emulador\Source\vcxproj\char-server\Release\random.obj
C:\Users\Spell Master\Desktop\Ragnarok\MyServe\Emulador\Source\vcxproj\char-server\Release\scanctx.obj
C:\Users\Spell Master\Desktop\Ragnarok\MyServe\Emulador\Source\vcxproj\char-server\Release\scanner.obj
C:\Users\Spell Master\Desktop\Ragnarok\MyServe\Emulador\Source\vcxproj\char-server\Release\showmsg.obj
C:\Users\Spell Master\Desktop\Ragnarok\MyServe\Emulador\Source\vcxproj\char-server\Release\socket.obj
C:\Users\Spell Master\Desktop\Ragnarok\MyServe\Emulador\Source\vcxproj\char-server\Release\sql.obj
C:\Users\Spell Master\Desktop\Ragnarok\MyServe\Emulador\Source\vcxproj\char-server\Release\strbuf.obj
C:\Users\Spell Master\Desktop\Ragnarok\MyServe\Emulador\Source\vcxproj\char-server\Release\strlib.obj
C:\Users\Spell Master\Desktop\Ragnarok\MyServe\Emulador\Source\vcxproj\char-server\Release\sysinfo.obj
C:\Users\Spell Master\Desktop\Ragnarok\MyServe\Emulador\Source\vcxproj\char-server\Release\thread.obj
C:\Users\Spell Master\Desktop\Ragnarok\MyServe\Emulador\Source\vcxproj\char-server\Release\timer.obj
C:\Users\Spell Master\Desktop\Ragnarok\MyServe\Emulador\Source\vcxproj\char-server\Release\utils.obj
C:\Users\Spell Master\Desktop\Ragnarok\MyServe\Emulador\Source\vcxproj\char-server\Release\char-server.write.1.tlog
C:\Users\Spell Master\Desktop\Ragnarok\MyServe\Emulador\Source\vcxproj\char-server\Release\CL.11500.read.1.tlog
C:\Users\Spell Master\Desktop\Ragnarok\MyServe\Emulador\Source\vcxproj\char-server\Release\CL.11500.write.1.tlog
C:\Users\Spell Master\Desktop\Ragnarok\MyServe\Emulador\Source\vcxproj\char-server\Release\CL.4816.read.1.tlog
C:\Users\Spell Master\Desktop\Ragnarok\MyServe\Emulador\Source\vcxproj\char-server\Release\CL.4816.write.1.tlog
C:\Users\Spell Master\Desktop\Ragnarok\MyServe\Emulador\Source\vcxproj\char-server\Release\cl.command.1.tlog
C:\Users\Spell Master\Desktop\Ragnarok\MyServe\Emulador\Source\vcxproj\char-server\Release\CL.read.1.tlog
C:\Users\Spell Master\Desktop\Ragnarok\MyServe\Emulador\Source\vcxproj\char-server\Release\cl.write.1.tlog
C:\Users\Spell Master\Desktop\Ragnarok\MyServe\Emulador\Source\vcxproj\char-server\Release\link-cvtres.read.1.tlog
C:\Users\Spell Master\Desktop\Ragnarok\MyServe\Emulador\Source\vcxproj\char-server\Release\link-cvtres.write.1.tlog
C:\Users\Spell Master\Desktop\Ragnarok\MyServe\Emulador\Source\vcxproj\char-server\Release\link-rc.read.1.tlog
C:\Users\Spell Master\Desktop\Ragnarok\MyServe\Emulador\Source\vcxproj\char-server\Release\link-rc.write.1.tlog
C:\Users\Spell Master\Desktop\Ragnarok\MyServe\Emulador\Source\vcxproj\char-server\Release\link.command.1.tlog
C:\Users\Spell Master\Desktop\Ragnarok\MyServe\Emulador\Source\vcxproj\char-server\Release\link.read.1.tlog
C:\Users\Spell Master\Desktop\Ragnarok\MyServe\Emulador\Source\vcxproj\char-server\Release\link.write.1.tlog
C:\Users\Spell Master\Desktop\Ragnarok\MyServe\Emulador\Source\vcxproj\char-server\Release\vc110.pdb
